<?xml version="1.0" encoding="UTF-8"?>
<!-- Generated by org.testng.reporters.JUnitReportReporter -->
<testsuite hostname="DESKTOP-A5NVFT3" failures="0" tests="4" name="RestTesting.Ecommerce" time="20.472" errors="0" timestamp="16 Mar 2022 17:10:31 GMT">
  <testcase classname="RestTesting.Ecommerce" name="getusers" time="3.398"/>
  <testcase classname="RestTesting.Ecommerce" name="deleteuser" time="1.870"/>
  <testcase classname="RestTesting.Ecommerce" name="signup" time="10.658"/>
  <testcase classname="RestTesting.Ecommerce" name="login" time="4.546"/>
</testsuite> <!-- RestTesting.Ecommerce -->
