<?xml version="1.0" encoding="UTF-8"?>
<!-- Generated by org.testng.reporters.JUnitReportReporter -->
<testsuite hostname="DESKTOP-A5NVFT3" failures="0" tests="4" name="RestTesting.Ecommerce" time="17.303" errors="0" timestamp="16 Mar 2022 13:20:20 GMT">
  <testcase classname="RestTesting.Ecommerce" name="getusers" time="3.550"/>
  <testcase classname="RestTesting.Ecommerce" name="deleteuser" time="2.143"/>
  <testcase classname="RestTesting.Ecommerce" name="signup" time="7.514"/>
  <testcase classname="RestTesting.Ecommerce" name="login" time="4.096"/>
</testsuite> <!-- RestTesting.Ecommerce -->
