<?xml version="1.0" encoding="UTF-8"?>
<!-- Generated by org.testng.reporters.JUnitReportReporter -->
<testsuite hostname="DESKTOP-A5NVFT3" failures="0" tests="1" name="RestTesting.diffTNG" time="0.005" errors="0" timestamp="16 Mar 2022 06:25:35 GMT">
  <testcase classname="RestTesting.diffTNG" name="testcase1" time="0.005"/>
</testsuite> <!-- RestTesting.diffTNG -->
