<?xml version="1.0" encoding="UTF-8"?>
<!-- Generated by org.testng.reporters.JUnitReportReporter -->
<testsuite hostname="DESKTOP-A5NVFT3" failures="0" tests="3" name="RestTesting.Trello" time="10.984" errors="0" timestamp="15 Mar 2022 17:18:56 GMT">
  <testcase classname="RestTesting.Trello" name="getBoard" time="0.879"/>
  <testcase classname="RestTesting.Trello" name="deleteBoard" time="0.925"/>
  <testcase classname="RestTesting.Trello" name="createBoard" time="9.180"/>
</testsuite> <!-- RestTesting.Trello -->
