<?xml version="1.0" encoding="UTF-8"?>
<!-- Generated by org.testng.reporters.JUnitReportReporter -->
<testsuite hostname="DESKTOP-A5NVFT3" failures="0" tests="3" name="RestTesting.Trello" time="6.465" errors="0" timestamp="16 Mar 2022 10:38:38 GMT">
  <testcase classname="RestTesting.Trello" name="getBoard" time="0.995"/>
  <testcase classname="RestTesting.Trello" name="deleteBoard" time="2.761"/>
  <testcase classname="RestTesting.Trello" name="createBoard" time="2.709"/>
</testsuite> <!-- RestTesting.Trello -->
