<?xml version="1.0" encoding="UTF-8"?>
<!-- Generated by org.testng.reporters.JUnitReportReporter -->
<testsuite hostname="DESKTOP-A5NVFT3" failures="0" tests="4" name="RestTesting.Ecommerce" time="16.374" errors="0" timestamp="16 Mar 2022 05:07:40 GMT">
  <testcase classname="RestTesting.Ecommerce" name="getusers" time="3.076"/>
  <testcase classname="RestTesting.Ecommerce" name="signup" time="6.875"/>
  <testcase classname="RestTesting.Ecommerce" name="deleteuser" time="2.045"/>
  <testcase classname="RestTesting.Ecommerce" name="login" time="4.378"/>
</testsuite> <!-- RestTesting.Ecommerce -->
