<?xml version="1.0" encoding="UTF-8"?>
<!-- Generated by org.testng.reporters.JUnitReportReporter -->
<testsuite hostname="DESKTOP-A5NVFT3" failures="0" tests="3" name="RestTesting.Trello" time="3.024" errors="0" timestamp="16 Mar 2022 16:49:37 GMT">
  <testcase classname="RestTesting.Trello" name="deleteBoard" time="0.925"/>
  <testcase classname="RestTesting.Trello" name="getBoard" time="0.775"/>
  <testcase classname="RestTesting.Trello" name="createBoard" time="1.324"/>
</testsuite> <!-- RestTesting.Trello -->
